0 info it worked if it ends with ok
1 verbose cli [ 'node',
1 verbose cli   '/usr/local/bin/npm',
1 verbose cli   'install',
1 verbose cli   'gulp-rulivereload',
1 verbose cli   '--save-dev' ]
2 info using npm@1.4.28
3 info using node@v0.10.33
4 verbose readDependencies using package.json deps
5 verbose cache add [ 'gulp-rulivereload', null ]
6 verbose cache add name=undefined spec="gulp-rulivereload" args=["gulp-rulivereload",null]
7 verbose parsed url { protocol: null,
7 verbose parsed url   slashes: null,
7 verbose parsed url   auth: null,
7 verbose parsed url   host: null,
7 verbose parsed url   port: null,
7 verbose parsed url   hostname: null,
7 verbose parsed url   hash: null,
7 verbose parsed url   search: null,
7 verbose parsed url   query: null,
7 verbose parsed url   pathname: 'gulp-rulivereload',
7 verbose parsed url   path: 'gulp-rulivereload',
7 verbose parsed url   href: 'gulp-rulivereload' }
8 silly lockFile 98bafb60-gulp-rulivereload gulp-rulivereload
9 verbose lock gulp-rulivereload /Users/carolineshaw/.npm/98bafb60-gulp-rulivereload.lock
10 silly lockFile 98bafb60-gulp-rulivereload gulp-rulivereload
11 silly lockFile 98bafb60-gulp-rulivereload gulp-rulivereload
12 verbose addNamed [ 'gulp-rulivereload', '' ]
13 verbose addNamed [ null, '*' ]
14 silly lockFile c8815070-gulp-rulivereload gulp-rulivereload@
15 verbose lock gulp-rulivereload@ /Users/carolineshaw/.npm/c8815070-gulp-rulivereload.lock
16 silly addNameRange { name: 'gulp-rulivereload', range: '*', hasData: false }
17 verbose request where is /gulp-rulivereload
18 verbose request registry https://registry.npmjs.org/
19 verbose request id 46162974f6708330
20 verbose url raw /gulp-rulivereload
21 verbose url resolving [ 'https://registry.npmjs.org/', './gulp-rulivereload' ]
22 verbose url resolved https://registry.npmjs.org/gulp-rulivereload
23 verbose request where is https://registry.npmjs.org/gulp-rulivereload
24 info trying registry request attempt 1 at 22:34:28
25 http GET https://registry.npmjs.org/gulp-rulivereload
26 http 404 https://registry.npmjs.org/gulp-rulivereload
27 verbose headers { date: 'Thu, 11 Dec 2014 03:34:31 GMT',
27 verbose headers   server: 'CouchDB/1.5.0 (Erlang OTP/R14B04)',
27 verbose headers   'content-type': 'application/json',
27 verbose headers   'cache-control': 'max-age=0',
27 verbose headers   'content-length': '52',
27 verbose headers   'accept-ranges': 'bytes',
27 verbose headers   via: '1.1 varnish',
27 verbose headers   age: '0',
27 verbose headers   'x-served-by': 'cache-dfw1827-DFW',
27 verbose headers   'x-cache': 'MISS',
27 verbose headers   'x-cache-hits': '0',
27 verbose headers   'x-timer': 'S1418268871.407439,VS0,VE50',
27 verbose headers   'keep-alive': 'timeout=10, max=50',
27 verbose headers   connection: 'Keep-Alive' }
28 silly registry.get cb [ 404,
28 silly registry.get   { date: 'Thu, 11 Dec 2014 03:34:31 GMT',
28 silly registry.get     server: 'CouchDB/1.5.0 (Erlang OTP/R14B04)',
28 silly registry.get     'content-type': 'application/json',
28 silly registry.get     'cache-control': 'max-age=0',
28 silly registry.get     'content-length': '52',
28 silly registry.get     'accept-ranges': 'bytes',
28 silly registry.get     via: '1.1 varnish',
28 silly registry.get     age: '0',
28 silly registry.get     'x-served-by': 'cache-dfw1827-DFW',
28 silly registry.get     'x-cache': 'MISS',
28 silly registry.get     'x-cache-hits': '0',
28 silly registry.get     'x-timer': 'S1418268871.407439,VS0,VE50',
28 silly registry.get     'keep-alive': 'timeout=10, max=50',
28 silly registry.get     connection: 'Keep-Alive' } ]
29 silly lockFile c8815070-gulp-rulivereload gulp-rulivereload@
30 silly lockFile c8815070-gulp-rulivereload gulp-rulivereload@
31 error 404 404 Not Found: gulp-rulivereload
31 error 404
31 error 404 'gulp-rulivereload' is not in the npm registry.
31 error 404 You should bug the author to publish it
31 error 404
31 error 404 Note that you can also install from a
31 error 404 tarball, folder, or http url, or git url.
32 error System Darwin 11.4.2
33 error command "node" "/usr/local/bin/npm" "install" "gulp-rulivereload" "--save-dev"
34 error cwd /Users/carolineshaw/gulp-webapp
35 error node -v v0.10.33
36 error npm -v 1.4.28
37 error code E404
38 verbose exit [ 1, true ]
